2025-05-24 19:32:54 INFO  Version:21 - HV000001: Hibernate Validator 8.0.2.Final
2025-05-24 19:32:54 INFO  FirstSpringAppApplication:53 - Starting FirstSpringAppApplication using Java 23.0.2 with PID 15980 (C:\Users\Lenovo\IdeaProjects\first-spring-app\target\classes started by Lenovo in C:\Users\Lenovo\IdeaProjects\first-spring-app)
2025-05-24 19:32:54 INFO  FirstSpringAppApplication:652 - No active profile set, falling back to 1 default profile: "default"
2025-05-24 19:32:54 INFO  DevToolsPropertyDefaultsPostProcessor:252 - Devtools property defaults active! Set 'spring.devtools.add-properties' to 'false' to disable
2025-05-24 19:32:54 INFO  DevToolsPropertyDefaultsPostProcessor:252 - For additional web related logging consider setting the 'logging.level.web' property to 'DEBUG'
2025-05-24 19:32:55 INFO  RepositoryConfigurationDelegate:145 - Bootstrapping Spring Data JPA repositories in DEFAULT mode.
2025-05-24 19:32:55 INFO  RepositoryConfigurationDelegate:213 - Finished Spring Data repository scanning in 11 ms. Found 0 JPA repository interfaces.
2025-05-24 19:32:55 INFO  TomcatWebServer:111 - Tomcat initialized with port 8080 (http)
2025-05-24 19:32:55 INFO  Http11NioProtocol:168 - Initializing ProtocolHandler ["http-nio-8080"]
2025-05-24 19:32:55 INFO  StandardService:168 - Starting service [Tomcat]
2025-05-24 19:32:55 INFO  StandardEngine:168 - Starting Servlet engine: [Apache Tomcat/10.1.41]
2025-05-24 19:32:55 INFO  [/]:168 - Initializing Spring embedded WebApplicationContext
2025-05-24 19:32:55 INFO  ServletWebServerApplicationContext:301 - Root WebApplicationContext: initialization completed in 1056 ms
2025-05-24 19:32:56 INFO  LogHelper:31 - HHH000204: Processing PersistenceUnitInfo [name: default]
2025-05-24 19:32:56 INFO  Version:44 - HHH000412: Hibernate ORM core version 6.6.15.Final
2025-05-24 19:32:56 INFO  RegionFactoryInitiator:50 - HHH000026: Second-level cache disabled
2025-05-24 19:32:56 INFO  SpringPersistenceUnitInfo:87 - No LoadTimeWeaver setup: ignoring JPA class transformer
2025-05-24 19:32:56 INFO  HikariDataSource:109 - HikariPool-1 - Starting...
2025-05-24 19:32:58 WARN  SqlExceptionHelper:145 - SQL Error: 1049, SQLState: 42000
2025-05-24 19:32:58 ERROR SqlExceptionHelper:150 - Unknown database 'labspring'
2025-05-24 19:32:58 WARN  JdbcEnvironmentInitiator:405 - HHH000342: Could not obtain connection to query metadata
org.hibernate.exception.SQLGrammarException: unable to obtain isolated JDBC connection [Unknown database 'labspring'] [n/a]
	at org.hibernate.exception.internal.SQLStateConversionDelegate.convert(SQLStateConversionDelegate.java:91) ~[hibernate-core-6.6.15.Final.jar:6.6.15.Final]
	at org.hibernate.exception.internal.StandardSQLExceptionConverter.convert(StandardSQLExceptionConverter.java:58) ~[hibernate-core-6.6.15.Final.jar:6.6.15.Final]
	at org.hibernate.engine.jdbc.spi.SqlExceptionHelper.convert(SqlExceptionHelper.java:108) ~[hibernate-core-6.6.15.Final.jar:6.6.15.Final]
	at org.hibernate.engine.jdbc.spi.SqlExceptionHelper.convert(SqlExceptionHelper.java:94) ~[hibernate-core-6.6.15.Final.jar:6.6.15.Final]
	at org.hibernate.resource.transaction.backend.jdbc.internal.JdbcIsolationDelegate.delegateWork(JdbcIsolationDelegate.java:116) ~[hibernate-core-6.6.15.Final.jar:6.6.15.Final]
	at org.hibernate.engine.jdbc.env.internal.JdbcEnvironmentInitiator.getJdbcEnvironmentUsingJdbcMetadata(JdbcEnvironmentInitiator.java:336) ~[hibernate-core-6.6.15.Final.jar:6.6.15.Final]
	at org.hibernate.engine.jdbc.env.internal.JdbcEnvironmentInitiator.initiateService(JdbcEnvironmentInitiator.java:129) ~[hibernate-core-6.6.15.Final.jar:6.6.15.Final]
	at org.hibernate.engine.jdbc.env.internal.JdbcEnvironmentInitiator.initiateService(JdbcEnvironmentInitiator.java:81) ~[hibernate-core-6.6.15.Final.jar:6.6.15.Final]
	at org.hibernate.boot.registry.internal.StandardServiceRegistryImpl.initiateService(StandardServiceRegistryImpl.java:130) ~[hibernate-core-6.6.15.Final.jar:6.6.15.Final]
	at org.hibernate.service.internal.AbstractServiceRegistryImpl.createService(AbstractServiceRegistryImpl.java:263) ~[hibernate-core-6.6.15.Final.jar:6.6.15.Final]
	at org.hibernate.service.internal.AbstractServiceRegistryImpl.initializeService(AbstractServiceRegistryImpl.java:238) ~[hibernate-core-6.6.15.Final.jar:6.6.15.Final]
	at org.hibernate.service.internal.AbstractServiceRegistryImpl.getService(AbstractServiceRegistryImpl.java:215) ~[hibernate-core-6.6.15.Final.jar:6.6.15.Final]
	at org.hibernate.boot.model.relational.Database.<init>(Database.java:45) ~[hibernate-core-6.6.15.Final.jar:6.6.15.Final]
	at org.hibernate.boot.internal.InFlightMetadataCollectorImpl.getDatabase(InFlightMetadataCollectorImpl.java:226) ~[hibernate-core-6.6.15.Final.jar:6.6.15.Final]
	at org.hibernate.boot.internal.InFlightMetadataCollectorImpl.<init>(InFlightMetadataCollectorImpl.java:194) ~[hibernate-core-6.6.15.Final.jar:6.6.15.Final]
	at org.hibernate.boot.model.process.spi.MetadataBuildingProcess.complete(MetadataBuildingProcess.java:171) ~[hibernate-core-6.6.15.Final.jar:6.6.15.Final]
	at org.hibernate.jpa.boot.internal.EntityManagerFactoryBuilderImpl.metadata(EntityManagerFactoryBuilderImpl.java:1442) ~[hibernate-core-6.6.15.Final.jar:6.6.15.Final]
	at org.hibernate.jpa.boot.internal.EntityManagerFactoryBuilderImpl.build(EntityManagerFactoryBuilderImpl.java:1513) ~[hibernate-core-6.6.15.Final.jar:6.6.15.Final]
	at org.springframework.orm.jpa.vendor.SpringHibernateJpaPersistenceProvider.createContainerEntityManagerFactory(SpringHibernateJpaPersistenceProvider.java:66) ~[spring-orm-6.2.7.jar:6.2.7]
	at org.springframework.orm.jpa.LocalContainerEntityManagerFactoryBean.createNativeEntityManagerFactory(LocalContainerEntityManagerFactoryBean.java:390) ~[spring-orm-6.2.7.jar:6.2.7]
	at org.springframework.orm.jpa.AbstractEntityManagerFactoryBean.buildNativeEntityManagerFactory(AbstractEntityManagerFactoryBean.java:419) ~[spring-orm-6.2.7.jar:6.2.7]
	at org.springframework.orm.jpa.AbstractEntityManagerFactoryBean.afterPropertiesSet(AbstractEntityManagerFactoryBean.java:400) ~[spring-orm-6.2.7.jar:6.2.7]
	at org.springframework.orm.jpa.LocalContainerEntityManagerFactoryBean.afterPropertiesSet(LocalContainerEntityManagerFactoryBean.java:366) ~[spring-orm-6.2.7.jar:6.2.7]
	at org.springframework.beans.factory.support.AbstractAutowireCapableBeanFactory.invokeInitMethods(AbstractAutowireCapableBeanFactory.java:1873) ~[spring-beans-6.2.7.jar:6.2.7]
	at org.springframework.beans.factory.support.AbstractAutowireCapableBeanFactory.initializeBean(AbstractAutowireCapableBeanFactory.java:1822) ~[spring-beans-6.2.7.jar:6.2.7]
	at org.springframework.beans.factory.support.AbstractAutowireCapableBeanFactory.doCreateBean(AbstractAutowireCapableBeanFactory.java:607) ~[spring-beans-6.2.7.jar:6.2.7]
	at org.springframework.beans.factory.support.AbstractAutowireCapableBeanFactory.createBean(AbstractAutowireCapableBeanFactory.java:529) ~[spring-beans-6.2.7.jar:6.2.7]
	at org.springframework.beans.factory.support.AbstractBeanFactory.lambda$doGetBean$0(AbstractBeanFactory.java:339) ~[spring-beans-6.2.7.jar:6.2.7]
	at org.springframework.beans.factory.support.DefaultSingletonBeanRegistry.getSingleton(DefaultSingletonBeanRegistry.java:373) [spring-beans-6.2.7.jar:6.2.7]
	at org.springframework.beans.factory.support.AbstractBeanFactory.doGetBean(AbstractBeanFactory.java:337) [spring-beans-6.2.7.jar:6.2.7]
	at org.springframework.beans.factory.support.AbstractBeanFactory.getBean(AbstractBeanFactory.java:207) [spring-beans-6.2.7.jar:6.2.7]
	at org.springframework.context.support.AbstractApplicationContext.finishBeanFactoryInitialization(AbstractApplicationContext.java:970) [spring-context-6.2.7.jar:6.2.7]
	at org.springframework.context.support.AbstractApplicationContext.refresh(AbstractApplicationContext.java:627) [spring-context-6.2.7.jar:6.2.7]
	at org.springframework.boot.web.servlet.context.ServletWebServerApplicationContext.refresh(ServletWebServerApplicationContext.java:146) [spring-boot-3.5.0.jar:3.5.0]
	at org.springframework.boot.SpringApplication.refresh(SpringApplication.java:753) [spring-boot-3.5.0.jar:3.5.0]
	at org.springframework.boot.SpringApplication.refreshContext(SpringApplication.java:439) [spring-boot-3.5.0.jar:3.5.0]
	at org.springframework.boot.SpringApplication.run(SpringApplication.java:318) [spring-boot-3.5.0.jar:3.5.0]
	at org.springframework.boot.SpringApplication.run(SpringApplication.java:1362) [spring-boot-3.5.0.jar:3.5.0]
	at org.springframework.boot.SpringApplication.run(SpringApplication.java:1351) [spring-boot-3.5.0.jar:3.5.0]
	at org.example.firstspringapp.FirstSpringAppApplication.main(FirstSpringAppApplication.java:10) [classes/:?]
	at java.base/jdk.internal.reflect.DirectMethodHandleAccessor.invoke(DirectMethodHandleAccessor.java:103) ~[?:?]
	at java.base/java.lang.reflect.Method.invoke(Method.java:580) ~[?:?]
	at org.springframework.boot.devtools.restart.RestartLauncher.run(RestartLauncher.java:50) [spring-boot-devtools-3.5.0.jar:3.5.0]
Caused by: java.sql.SQLSyntaxErrorException: Unknown database 'labspring'
	at com.mysql.cj.jdbc.exceptions.SQLError.createSQLException(SQLError.java:112) ~[mysql-connector-j-9.2.0.jar:9.2.0]
	at com.mysql.cj.jdbc.exceptions.SQLExceptionsMapping.translateException(SQLExceptionsMapping.java:114) ~[mysql-connector-j-9.2.0.jar:9.2.0]
	at com.mysql.cj.jdbc.ConnectionImpl.createNewIO(ConnectionImpl.java:837) ~[mysql-connector-j-9.2.0.jar:9.2.0]
	at com.mysql.cj.jdbc.ConnectionImpl.<init>(ConnectionImpl.java:420) ~[mysql-connector-j-9.2.0.jar:9.2.0]
	at com.mysql.cj.jdbc.ConnectionImpl.getInstance(ConnectionImpl.java:238) ~[mysql-connector-j-9.2.0.jar:9.2.0]
	at com.mysql.cj.jdbc.NonRegisteringDriver.connect(NonRegisteringDriver.java:180) ~[mysql-connector-j-9.2.0.jar:9.2.0]
	at com.zaxxer.hikari.util.DriverDataSource.getConnection(DriverDataSource.java:139) ~[HikariCP-6.3.0.jar:?]
	at com.zaxxer.hikari.pool.PoolBase.newConnection(PoolBase.java:368) ~[HikariCP-6.3.0.jar:?]
	at com.zaxxer.hikari.pool.PoolBase.newPoolEntry(PoolBase.java:205) ~[HikariCP-6.3.0.jar:?]
	at com.zaxxer.hikari.pool.HikariPool.createPoolEntry(HikariPool.java:483) ~[HikariCP-6.3.0.jar:?]
	at com.zaxxer.hikari.pool.HikariPool.checkFailFast(HikariPool.java:571) ~[HikariCP-6.3.0.jar:?]
	at com.zaxxer.hikari.pool.HikariPool.<init>(HikariPool.java:101) ~[HikariCP-6.3.0.jar:?]
	at com.zaxxer.hikari.HikariDataSource.getConnection(HikariDataSource.java:111) ~[HikariCP-6.3.0.jar:?]
	at org.hibernate.engine.jdbc.connections.internal.DatasourceConnectionProviderImpl.getConnection(DatasourceConnectionProviderImpl.java:126) ~[hibernate-core-6.6.15.Final.jar:6.6.15.Final]
	at org.hibernate.engine.jdbc.env.internal.JdbcEnvironmentInitiator$ConnectionProviderJdbcConnectionAccess.obtainConnection(JdbcEnvironmentInitiator.java:483) ~[hibernate-core-6.6.15.Final.jar:6.6.15.Final]
	at org.hibernate.resource.transaction.backend.jdbc.internal.JdbcIsolationDelegate.delegateWork(JdbcIsolationDelegate.java:61) ~[hibernate-core-6.6.15.Final.jar:6.6.15.Final]
	... 38 more
2025-05-24 19:32:58 WARN  deprecation:153 - HHH90000025: MySQL8Dialect does not need to be specified explicitly using 'hibernate.dialect' (remove the property setting and it will be selected by default)
2025-05-24 19:32:58 WARN  deprecation:101 - HHH90000026: MySQL8Dialect has been deprecated; use org.hibernate.dialect.MySQLDialect instead
2025-05-24 19:32:58 INFO  pooling:163 - HHH10001005: Database info:
	Database JDBC URL [Connecting through datasource 'HikariDataSource (null)']
	Database driver: undefined/unknown
	Database version: 8.0
	Autocommit mode: undefined/unknown
	Isolation level: undefined/unknown
	Minimum pool size: undefined/unknown
	Maximum pool size: undefined/unknown
2025-05-24 19:32:58 INFO  JtaPlatformInitiator:59 - HHH000489: No JTA platform available (set 'hibernate.transaction.jta.platform' to enable JTA platform integration)
2025-05-24 19:32:58 INFO  LocalContainerEntityManagerFactoryBean:447 - Initialized JPA EntityManagerFactory for persistence unit 'default'
2025-05-24 19:32:58 WARN  JpaBaseConfiguration$JpaWebConfiguration:258 - spring.jpa.open-in-view is enabled by default. Therefore, database queries may be performed during view rendering. Explicitly configure spring.jpa.open-in-view to disable this warning
2025-05-24 19:32:58 WARN  ThymeleafAutoConfiguration$DefaultTemplateResolverConfiguration:102 - Cannot find template location: classpath:/templates/ (please add some templates, check your Thymeleaf configuration, or set spring.thymeleaf.check-template-location=false)
2025-05-24 19:32:58 WARN  UserDetailsServiceAutoConfiguration:90 - 

Using generated security password: 9bb8f069-77ed-4775-8cf0-9ea888b94888

This generated password is for development use only. Your security configuration must be updated before running your application in production.

2025-05-24 19:32:58 INFO  InitializeUserDetailsBeanManagerConfigurer$InitializeUserDetailsManagerConfigurer:110 - Global AuthenticationManager configured with UserDetailsService bean with name inMemoryUserDetailsManager
2025-05-24 19:32:58 INFO  OptionalLiveReloadServer:59 - LiveReload server is running on port 35729
2025-05-24 19:32:58 INFO  Http11NioProtocol:168 - Starting ProtocolHandler ["http-nio-8080"]
2025-05-24 19:32:58 INFO  TomcatWebServer:243 - Tomcat started on port 8080 (http) with context path '/'
2025-05-24 19:32:59 INFO  FirstSpringAppApplication:59 - Started FirstSpringAppApplication in 4.463 seconds (process running for 5.719)
2025-05-24 19:37:26 INFO  GracefulShutdown:54 - Commencing graceful shutdown. Waiting for active requests to complete
2025-05-24 19:37:26 INFO  GracefulShutdown:76 - Graceful shutdown complete
2025-05-24 19:37:26 INFO  LocalContainerEntityManagerFactoryBean:660 - Closing JPA EntityManagerFactory for persistence unit 'default'
2025-05-24 19:37:41 INFO  Version:21 - HV000001: Hibernate Validator 8.0.2.Final
2025-05-24 19:37:41 INFO  FirstSpringAppApplication:53 - Starting FirstSpringAppApplication using Java 23.0.2 with PID 32640 (C:\Users\Lenovo\IdeaProjects\first-spring-app\target\classes started by Lenovo in C:\Users\Lenovo\IdeaProjects\first-spring-app)
2025-05-24 19:37:41 INFO  FirstSpringAppApplication:652 - No active profile set, falling back to 1 default profile: "default"
2025-05-24 19:37:41 INFO  DevToolsPropertyDefaultsPostProcessor:252 - Devtools property defaults active! Set 'spring.devtools.add-properties' to 'false' to disable
2025-05-24 19:37:41 INFO  DevToolsPropertyDefaultsPostProcessor:252 - For additional web related logging consider setting the 'logging.level.web' property to 'DEBUG'
2025-05-24 19:37:42 INFO  RepositoryConfigurationDelegate:145 - Bootstrapping Spring Data JPA repositories in DEFAULT mode.
2025-05-24 19:37:42 INFO  RepositoryConfigurationDelegate:213 - Finished Spring Data repository scanning in 12 ms. Found 0 JPA repository interfaces.
2025-05-24 19:37:42 INFO  TomcatWebServer:111 - Tomcat initialized with port 8080 (http)
2025-05-24 19:37:42 INFO  Http11NioProtocol:168 - Initializing ProtocolHandler ["http-nio-8080"]
2025-05-24 19:37:42 INFO  StandardService:168 - Starting service [Tomcat]
2025-05-24 19:37:42 INFO  StandardEngine:168 - Starting Servlet engine: [Apache Tomcat/10.1.41]
2025-05-24 19:37:42 INFO  [/]:168 - Initializing Spring embedded WebApplicationContext
2025-05-24 19:37:42 INFO  ServletWebServerApplicationContext:301 - Root WebApplicationContext: initialization completed in 1088 ms
2025-05-24 19:37:42 INFO  LogHelper:31 - HHH000204: Processing PersistenceUnitInfo [name: default]
2025-05-24 19:37:42 INFO  Version:44 - HHH000412: Hibernate ORM core version 6.6.15.Final
2025-05-24 19:37:43 INFO  RegionFactoryInitiator:50 - HHH000026: Second-level cache disabled
2025-05-24 19:37:43 INFO  SpringPersistenceUnitInfo:87 - No LoadTimeWeaver setup: ignoring JPA class transformer
2025-05-24 19:37:43 INFO  HikariDataSource:109 - HikariPool-1 - Starting...
2025-05-24 19:37:43 INFO  HikariPool:575 - HikariPool-1 - Added connection com.mysql.cj.jdbc.ConnectionImpl@5cd8b117
2025-05-24 19:37:43 INFO  HikariDataSource:122 - HikariPool-1 - Start completed.
2025-05-24 19:37:43 WARN  deprecation:153 - HHH90000025: MySQL8Dialect does not need to be specified explicitly using 'hibernate.dialect' (remove the property setting and it will be selected by default)
2025-05-24 19:37:43 WARN  deprecation:101 - HHH90000026: MySQL8Dialect has been deprecated; use org.hibernate.dialect.MySQLDialect instead
2025-05-24 19:37:43 INFO  pooling:163 - HHH10001005: Database info:
	Database JDBC URL [Connecting through datasource 'HikariDataSource (HikariPool-1)']
	Database driver: undefined/unknown
	Database version: 8.0
	Autocommit mode: undefined/unknown
	Isolation level: undefined/unknown
	Minimum pool size: undefined/unknown
	Maximum pool size: undefined/unknown
2025-05-24 19:37:43 INFO  JtaPlatformInitiator:59 - HHH000489: No JTA platform available (set 'hibernate.transaction.jta.platform' to enable JTA platform integration)
2025-05-24 19:37:43 INFO  LocalContainerEntityManagerFactoryBean:447 - Initialized JPA EntityManagerFactory for persistence unit 'default'
2025-05-24 19:37:43 WARN  JpaBaseConfiguration$JpaWebConfiguration:258 - spring.jpa.open-in-view is enabled by default. Therefore, database queries may be performed during view rendering. Explicitly configure spring.jpa.open-in-view to disable this warning
2025-05-24 19:37:44 WARN  ThymeleafAutoConfiguration$DefaultTemplateResolverConfiguration:102 - Cannot find template location: classpath:/templates/ (please add some templates, check your Thymeleaf configuration, or set spring.thymeleaf.check-template-location=false)
2025-05-24 19:37:44 WARN  UserDetailsServiceAutoConfiguration:90 - 

Using generated security password: 5d66f218-c17b-43d9-b4b7-74f8543fb151

This generated password is for development use only. Your security configuration must be updated before running your application in production.

2025-05-24 19:37:44 INFO  InitializeUserDetailsBeanManagerConfigurer$InitializeUserDetailsManagerConfigurer:110 - Global AuthenticationManager configured with UserDetailsService bean with name inMemoryUserDetailsManager
2025-05-24 19:37:44 INFO  OptionalLiveReloadServer:59 - LiveReload server is running on port 35729
2025-05-24 19:37:44 INFO  Http11NioProtocol:168 - Starting ProtocolHandler ["http-nio-8080"]
2025-05-24 19:37:44 INFO  TomcatWebServer:243 - Tomcat started on port 8080 (http) with context path '/'
2025-05-24 19:37:44 INFO  FirstSpringAppApplication:59 - Started FirstSpringAppApplication in 3.198 seconds (process running for 4.244)
2025-05-24 19:39:02 INFO  GracefulShutdown:54 - Commencing graceful shutdown. Waiting for active requests to complete
2025-05-24 19:39:02 INFO  GracefulShutdown:76 - Graceful shutdown complete
2025-05-24 19:39:02 INFO  LocalContainerEntityManagerFactoryBean:660 - Closing JPA EntityManagerFactory for persistence unit 'default'
2025-05-24 19:39:02 INFO  HikariDataSource:349 - HikariPool-1 - Shutdown initiated...
2025-05-24 19:39:02 INFO  HikariDataSource:351 - HikariPool-1 - Shutdown completed.
2025-05-24 19:39:07 INFO  Version:21 - HV000001: Hibernate Validator 8.0.2.Final
2025-05-24 19:39:07 INFO  FirstSpringAppApplication:53 - Starting FirstSpringAppApplication using Java 23.0.2 with PID 10300 (C:\Users\Lenovo\IdeaProjects\first-spring-app\target\classes started by Lenovo in C:\Users\Lenovo\IdeaProjects\first-spring-app)
2025-05-24 19:39:07 INFO  FirstSpringAppApplication:652 - No active profile set, falling back to 1 default profile: "default"
2025-05-24 19:39:07 INFO  DevToolsPropertyDefaultsPostProcessor:252 - Devtools property defaults active! Set 'spring.devtools.add-properties' to 'false' to disable
2025-05-24 19:39:07 INFO  DevToolsPropertyDefaultsPostProcessor:252 - For additional web related logging consider setting the 'logging.level.web' property to 'DEBUG'
2025-05-24 19:39:08 INFO  RepositoryConfigurationDelegate:145 - Bootstrapping Spring Data JPA repositories in DEFAULT mode.
2025-05-24 19:39:08 INFO  RepositoryConfigurationDelegate:213 - Finished Spring Data repository scanning in 14 ms. Found 0 JPA repository interfaces.
2025-05-24 19:39:08 INFO  TomcatWebServer:111 - Tomcat initialized with port 8080 (http)
2025-05-24 19:39:08 INFO  Http11NioProtocol:168 - Initializing ProtocolHandler ["http-nio-8080"]
2025-05-24 19:39:08 INFO  StandardService:168 - Starting service [Tomcat]
2025-05-24 19:39:08 INFO  StandardEngine:168 - Starting Servlet engine: [Apache Tomcat/10.1.41]
2025-05-24 19:39:08 INFO  [/]:168 - Initializing Spring embedded WebApplicationContext
2025-05-24 19:39:08 INFO  ServletWebServerApplicationContext:301 - Root WebApplicationContext: initialization completed in 1088 ms
2025-05-24 19:39:08 INFO  LogHelper:31 - HHH000204: Processing PersistenceUnitInfo [name: default]
2025-05-24 19:39:08 INFO  Version:44 - HHH000412: Hibernate ORM core version 6.6.15.Final
2025-05-24 19:39:08 INFO  RegionFactoryInitiator:50 - HHH000026: Second-level cache disabled
2025-05-24 19:39:09 INFO  SpringPersistenceUnitInfo:87 - No LoadTimeWeaver setup: ignoring JPA class transformer
2025-05-24 19:39:09 INFO  HikariDataSource:109 - HikariPool-1 - Starting...
2025-05-24 19:39:09 INFO  HikariPool:575 - HikariPool-1 - Added connection com.mysql.cj.jdbc.ConnectionImpl@fe513fe
2025-05-24 19:39:09 INFO  HikariDataSource:122 - HikariPool-1 - Start completed.
2025-05-24 19:39:09 WARN  deprecation:153 - HHH90000025: MySQL8Dialect does not need to be specified explicitly using 'hibernate.dialect' (remove the property setting and it will be selected by default)
2025-05-24 19:39:09 WARN  deprecation:101 - HHH90000026: MySQL8Dialect has been deprecated; use org.hibernate.dialect.MySQLDialect instead
2025-05-24 19:39:09 INFO  pooling:163 - HHH10001005: Database info:
	Database JDBC URL [Connecting through datasource 'HikariDataSource (HikariPool-1)']
	Database driver: undefined/unknown
	Database version: 8.0
	Autocommit mode: undefined/unknown
	Isolation level: undefined/unknown
	Minimum pool size: undefined/unknown
	Maximum pool size: undefined/unknown
2025-05-24 19:39:09 INFO  JtaPlatformInitiator:59 - HHH000489: No JTA platform available (set 'hibernate.transaction.jta.platform' to enable JTA platform integration)
2025-05-24 19:39:09 INFO  LocalContainerEntityManagerFactoryBean:447 - Initialized JPA EntityManagerFactory for persistence unit 'default'
2025-05-24 19:39:09 WARN  JpaBaseConfiguration$JpaWebConfiguration:258 - spring.jpa.open-in-view is enabled by default. Therefore, database queries may be performed during view rendering. Explicitly configure spring.jpa.open-in-view to disable this warning
2025-05-24 19:39:09 WARN  UserDetailsServiceAutoConfiguration:90 - 

Using generated security password: 6d106b94-39a5-4786-ba90-e2b78ad155d8

This generated password is for development use only. Your security configuration must be updated before running your application in production.

2025-05-24 19:39:09 INFO  InitializeUserDetailsBeanManagerConfigurer$InitializeUserDetailsManagerConfigurer:110 - Global AuthenticationManager configured with UserDetailsService bean with name inMemoryUserDetailsManager
2025-05-24 19:39:10 WARN  ThymeleafAutoConfiguration$DefaultTemplateResolverConfiguration:102 - Cannot find template location: classpath:/templates/ (please add some templates, check your Thymeleaf configuration, or set spring.thymeleaf.check-template-location=false)
2025-05-24 19:39:10 INFO  OptionalLiveReloadServer:59 - LiveReload server is running on port 35729
2025-05-24 19:39:10 INFO  Http11NioProtocol:168 - Starting ProtocolHandler ["http-nio-8080"]
2025-05-24 19:39:10 INFO  TomcatWebServer:243 - Tomcat started on port 8080 (http) with context path '/'
2025-05-24 19:39:10 INFO  FirstSpringAppApplication:59 - Started FirstSpringAppApplication in 3.167 seconds (process running for 4.209)
2025-05-24 19:39:23 INFO  [/]:168 - Initializing Spring DispatcherServlet 'dispatcherServlet'
2025-05-24 19:39:23 INFO  DispatcherServlet:532 - Initializing Servlet 'dispatcherServlet'
2025-05-24 19:39:23 INFO  DispatcherServlet:554 - Completed initialization in 1 ms
2025-05-24 20:26:16 INFO  GracefulShutdown:54 - Commencing graceful shutdown. Waiting for active requests to complete
2025-05-24 20:26:16 INFO  GracefulShutdown:76 - Graceful shutdown complete
2025-05-24 20:26:16 INFO  LocalContainerEntityManagerFactoryBean:660 - Closing JPA EntityManagerFactory for persistence unit 'default'
2025-05-24 20:26:16 INFO  HikariDataSource:349 - HikariPool-1 - Shutdown initiated...
2025-05-24 20:26:16 INFO  HikariDataSource:351 - HikariPool-1 - Shutdown completed.
2025-05-24 20:26:22 INFO  Version:21 - HV000001: Hibernate Validator 8.0.2.Final
2025-05-24 20:26:22 INFO  FirstSpringAppApplication:53 - Starting FirstSpringAppApplication using Java 23.0.2 with PID 25788 (C:\Users\Lenovo\IdeaProjects\first-spring-app\target\classes started by Lenovo in C:\Users\Lenovo\IdeaProjects\first-spring-app)
2025-05-24 20:26:22 INFO  FirstSpringAppApplication:652 - No active profile set, falling back to 1 default profile: "default"
2025-05-24 20:26:22 INFO  DevToolsPropertyDefaultsPostProcessor:252 - Devtools property defaults active! Set 'spring.devtools.add-properties' to 'false' to disable
2025-05-24 20:26:22 INFO  DevToolsPropertyDefaultsPostProcessor:252 - For additional web related logging consider setting the 'logging.level.web' property to 'DEBUG'
2025-05-24 20:26:22 INFO  RepositoryConfigurationDelegate:145 - Bootstrapping Spring Data JPA repositories in DEFAULT mode.
2025-05-24 20:26:22 INFO  RepositoryConfigurationDelegate:213 - Finished Spring Data repository scanning in 8 ms. Found 0 JPA repository interfaces.
2025-05-24 20:26:23 INFO  TomcatWebServer:111 - Tomcat initialized with port 8080 (http)
2025-05-24 20:26:23 INFO  Http11NioProtocol:168 - Initializing ProtocolHandler ["http-nio-8080"]
2025-05-24 20:26:23 INFO  StandardService:168 - Starting service [Tomcat]
2025-05-24 20:26:23 INFO  StandardEngine:168 - Starting Servlet engine: [Apache Tomcat/10.1.41]
2025-05-24 20:26:23 INFO  [/]:168 - Initializing Spring embedded WebApplicationContext
2025-05-24 20:26:23 INFO  ServletWebServerApplicationContext:301 - Root WebApplicationContext: initialization completed in 982 ms
2025-05-24 20:26:23 INFO  LogHelper:31 - HHH000204: Processing PersistenceUnitInfo [name: default]
2025-05-24 20:26:23 INFO  Version:44 - HHH000412: Hibernate ORM core version 6.6.15.Final
2025-05-24 20:26:23 INFO  RegionFactoryInitiator:50 - HHH000026: Second-level cache disabled
2025-05-24 20:26:23 INFO  SpringPersistenceUnitInfo:87 - No LoadTimeWeaver setup: ignoring JPA class transformer
2025-05-24 20:26:23 INFO  HikariDataSource:109 - HikariPool-1 - Starting...
2025-05-24 20:26:23 INFO  HikariPool:575 - HikariPool-1 - Added connection com.mysql.cj.jdbc.ConnectionImpl@75d5dcb2
2025-05-24 20:26:23 INFO  HikariDataSource:122 - HikariPool-1 - Start completed.
2025-05-24 20:26:24 WARN  deprecation:153 - HHH90000025: MySQL8Dialect does not need to be specified explicitly using 'hibernate.dialect' (remove the property setting and it will be selected by default)
2025-05-24 20:26:24 WARN  deprecation:101 - HHH90000026: MySQL8Dialect has been deprecated; use org.hibernate.dialect.MySQLDialect instead
2025-05-24 20:26:24 INFO  pooling:163 - HHH10001005: Database info:
	Database JDBC URL [Connecting through datasource 'HikariDataSource (HikariPool-1)']
	Database driver: undefined/unknown
	Database version: 8.0
	Autocommit mode: undefined/unknown
	Isolation level: undefined/unknown
	Minimum pool size: undefined/unknown
	Maximum pool size: undefined/unknown
2025-05-24 20:26:24 INFO  JtaPlatformInitiator:59 - HHH000489: No JTA platform available (set 'hibernate.transaction.jta.platform' to enable JTA platform integration)
2025-05-24 20:26:24 INFO  LocalContainerEntityManagerFactoryBean:447 - Initialized JPA EntityManagerFactory for persistence unit 'default'
2025-05-24 20:26:24 WARN  JpaBaseConfiguration$JpaWebConfiguration:258 - spring.jpa.open-in-view is enabled by default. Therefore, database queries may be performed during view rendering. Explicitly configure spring.jpa.open-in-view to disable this warning
2025-05-24 20:26:24 WARN  ThymeleafAutoConfiguration$DefaultTemplateResolverConfiguration:102 - Cannot find template location: classpath:/templates/ (please add some templates, check your Thymeleaf configuration, or set spring.thymeleaf.check-template-location=false)
2025-05-24 20:26:24 WARN  UserDetailsServiceAutoConfiguration:90 - 

Using generated security password: 6afb005c-c025-4566-96c9-5de3e8e7e11c

This generated password is for development use only. Your security configuration must be updated before running your application in production.

2025-05-24 20:26:24 INFO  InitializeUserDetailsBeanManagerConfigurer$InitializeUserDetailsManagerConfigurer:110 - Global AuthenticationManager configured with UserDetailsService bean with name inMemoryUserDetailsManager
2025-05-24 20:26:24 INFO  OptionalLiveReloadServer:59 - LiveReload server is running on port 35729
2025-05-24 20:26:24 INFO  Http11NioProtocol:168 - Starting ProtocolHandler ["http-nio-8080"]
2025-05-24 20:26:24 INFO  TomcatWebServer:243 - Tomcat started on port 8080 (http) with context path '/'
2025-05-24 20:26:24 INFO  FirstSpringAppApplication:59 - Started FirstSpringAppApplication in 3.151 seconds (process running for 4.14)
2025-05-24 20:26:30 INFO  [/]:168 - Initializing Spring DispatcherServlet 'dispatcherServlet'
2025-05-24 20:26:30 INFO  DispatcherServlet:532 - Initializing Servlet 'dispatcherServlet'
2025-05-24 20:26:30 INFO  DispatcherServlet:554 - Completed initialization in 1 ms
2025-05-24 20:30:05 INFO  GracefulShutdown:54 - Commencing graceful shutdown. Waiting for active requests to complete
2025-05-24 20:30:05 INFO  GracefulShutdown:76 - Graceful shutdown complete
2025-05-24 20:30:05 INFO  LocalContainerEntityManagerFactoryBean:660 - Closing JPA EntityManagerFactory for persistence unit 'default'
2025-05-24 20:30:05 INFO  HikariDataSource:349 - HikariPool-1 - Shutdown initiated...
2025-05-24 20:30:05 INFO  HikariDataSource:351 - HikariPool-1 - Shutdown completed.
2025-05-24 20:30:09 INFO  Version:21 - HV000001: Hibernate Validator 8.0.2.Final
2025-05-24 20:30:10 INFO  FirstSpringAppApplication:53 - Starting FirstSpringAppApplication using Java 23.0.2 with PID 17608 (C:\Users\Lenovo\IdeaProjects\first-spring-app\target\classes started by Lenovo in C:\Users\Lenovo\IdeaProjects\first-spring-app)
2025-05-24 20:30:10 DEBUG FirstSpringAppApplication:54 - Running with Spring Boot v3.5.0, Spring v6.2.7
2025-05-24 20:30:10 INFO  FirstSpringAppApplication:652 - No active profile set, falling back to 1 default profile: "default"
2025-05-24 20:30:10 INFO  DevToolsPropertyDefaultsPostProcessor:252 - Devtools property defaults active! Set 'spring.devtools.add-properties' to 'false' to disable
2025-05-24 20:30:10 INFO  DevToolsPropertyDefaultsPostProcessor:252 - For additional web related logging consider setting the 'logging.level.web' property to 'DEBUG'
2025-05-24 20:30:10 INFO  RepositoryConfigurationDelegate:145 - Bootstrapping Spring Data JPA repositories in DEFAULT mode.
2025-05-24 20:30:10 INFO  RepositoryConfigurationDelegate:213 - Finished Spring Data repository scanning in 9 ms. Found 0 JPA repository interfaces.
2025-05-24 20:30:11 INFO  TomcatWebServer:111 - Tomcat initialized with port 8080 (http)
2025-05-24 20:30:11 INFO  Http11NioProtocol:168 - Initializing ProtocolHandler ["http-nio-8080"]
2025-05-24 20:30:11 INFO  StandardService:168 - Starting service [Tomcat]
2025-05-24 20:30:11 INFO  StandardEngine:168 - Starting Servlet engine: [Apache Tomcat/10.1.41]
2025-05-24 20:30:11 INFO  [/]:168 - Initializing Spring embedded WebApplicationContext
2025-05-24 20:30:11 INFO  ServletWebServerApplicationContext:301 - Root WebApplicationContext: initialization completed in 1068 ms
2025-05-24 20:30:11 INFO  LogHelper:31 - HHH000204: Processing PersistenceUnitInfo [name: default]
2025-05-24 20:30:11 INFO  Version:44 - HHH000412: Hibernate ORM core version 6.6.15.Final
2025-05-24 20:30:11 INFO  RegionFactoryInitiator:50 - HHH000026: Second-level cache disabled
2025-05-24 20:30:11 INFO  SpringPersistenceUnitInfo:87 - No LoadTimeWeaver setup: ignoring JPA class transformer
2025-05-24 20:30:11 INFO  HikariDataSource:109 - HikariPool-1 - Starting...
2025-05-24 20:30:11 INFO  HikariPool:575 - HikariPool-1 - Added connection com.mysql.cj.jdbc.ConnectionImpl@f8473f7
2025-05-24 20:30:11 INFO  HikariDataSource:122 - HikariPool-1 - Start completed.
2025-05-24 20:30:12 WARN  deprecation:153 - HHH90000025: MySQL8Dialect does not need to be specified explicitly using 'hibernate.dialect' (remove the property setting and it will be selected by default)
2025-05-24 20:30:12 WARN  deprecation:101 - HHH90000026: MySQL8Dialect has been deprecated; use org.hibernate.dialect.MySQLDialect instead
2025-05-24 20:30:12 INFO  pooling:163 - HHH10001005: Database info:
	Database JDBC URL [Connecting through datasource 'HikariDataSource (HikariPool-1)']
	Database driver: undefined/unknown
	Database version: 8.0
	Autocommit mode: undefined/unknown
	Isolation level: undefined/unknown
	Minimum pool size: undefined/unknown
	Maximum pool size: undefined/unknown
2025-05-24 20:30:12 INFO  JtaPlatformInitiator:59 - HHH000489: No JTA platform available (set 'hibernate.transaction.jta.platform' to enable JTA platform integration)
2025-05-24 20:30:12 INFO  LocalContainerEntityManagerFactoryBean:447 - Initialized JPA EntityManagerFactory for persistence unit 'default'
2025-05-24 20:30:12 WARN  JpaBaseConfiguration$JpaWebConfiguration:258 - spring.jpa.open-in-view is enabled by default. Therefore, database queries may be performed during view rendering. Explicitly configure spring.jpa.open-in-view to disable this warning
2025-05-24 20:30:12 WARN  UserDetailsServiceAutoConfiguration:90 - 

Using generated security password: 373559ce-9e8d-4a46-b44f-7dceac5c8dc5

This generated password is for development use only. Your security configuration must be updated before running your application in production.

2025-05-24 20:30:12 INFO  InitializeUserDetailsBeanManagerConfigurer$InitializeUserDetailsManagerConfigurer:110 - Global AuthenticationManager configured with UserDetailsService bean with name inMemoryUserDetailsManager
2025-05-24 20:30:12 WARN  ThymeleafAutoConfiguration$DefaultTemplateResolverConfiguration:102 - Cannot find template location: classpath:/templates/ (please add some templates, check your Thymeleaf configuration, or set spring.thymeleaf.check-template-location=false)
2025-05-24 20:30:12 INFO  OptionalLiveReloadServer:59 - LiveReload server is running on port 35729
2025-05-24 20:30:12 INFO  Http11NioProtocol:168 - Starting ProtocolHandler ["http-nio-8080"]
2025-05-24 20:30:12 INFO  TomcatWebServer:243 - Tomcat started on port 8080 (http) with context path '/'
2025-05-24 20:30:12 INFO  FirstSpringAppApplication:59 - Started FirstSpringAppApplication in 3.203 seconds (process running for 4.251)
2025-05-24 20:31:25 INFO  [/]:168 - Initializing Spring DispatcherServlet 'dispatcherServlet'
2025-05-24 20:31:25 INFO  DispatcherServlet:532 - Initializing Servlet 'dispatcherServlet'
2025-05-24 20:31:25 INFO  DispatcherServlet:554 - Completed initialization in 1 ms
2025-05-24 20:31:25 INFO  HomeController:14 - Received request to /
2025-05-24 20:31:32 INFO  GracefulShutdown:54 - Commencing graceful shutdown. Waiting for active requests to complete
2025-05-24 20:31:32 INFO  GracefulShutdown:76 - Graceful shutdown complete
2025-05-24 20:31:32 INFO  LocalContainerEntityManagerFactoryBean:660 - Closing JPA EntityManagerFactory for persistence unit 'default'
2025-05-24 20:31:32 INFO  HikariDataSource:349 - HikariPool-1 - Shutdown initiated...
2025-05-24 20:31:32 INFO  HikariDataSource:351 - HikariPool-1 - Shutdown completed.
2025-05-24 20:45:21 INFO  Version:21 - HV000001: Hibernate Validator 8.0.2.Final
2025-05-24 20:45:21 INFO  FirstSpringAppApplication:53 - Starting FirstSpringAppApplication using Java 23.0.2 with PID 30324 (C:\Users\Lenovo\IdeaProjects\first-spring-app\target\classes started by Lenovo in C:\Users\Lenovo\IdeaProjects\first-spring-app)
2025-05-24 20:45:21 DEBUG FirstSpringAppApplication:54 - Running with Spring Boot v3.5.0, Spring v6.2.7
2025-05-24 20:45:21 INFO  FirstSpringAppApplication:652 - No active profile set, falling back to 1 default profile: "default"
2025-05-24 20:45:21 INFO  DevToolsPropertyDefaultsPostProcessor:252 - Devtools property defaults active! Set 'spring.devtools.add-properties' to 'false' to disable
2025-05-24 20:45:21 INFO  DevToolsPropertyDefaultsPostProcessor:252 - For additional web related logging consider setting the 'logging.level.web' property to 'DEBUG'
2025-05-24 20:45:21 INFO  RepositoryConfigurationDelegate:145 - Bootstrapping Spring Data JPA repositories in DEFAULT mode.
2025-05-24 20:45:21 INFO  RepositoryConfigurationDelegate:213 - Finished Spring Data repository scanning in 10 ms. Found 0 JPA repository interfaces.
2025-05-24 20:45:22 INFO  TomcatWebServer:111 - Tomcat initialized with port 8080 (http)
2025-05-24 20:45:22 INFO  Http11NioProtocol:168 - Initializing ProtocolHandler ["http-nio-8080"]
2025-05-24 20:45:22 INFO  StandardService:168 - Starting service [Tomcat]
2025-05-24 20:45:22 INFO  StandardEngine:168 - Starting Servlet engine: [Apache Tomcat/10.1.41]
2025-05-24 20:45:22 INFO  [/]:168 - Initializing Spring embedded WebApplicationContext
2025-05-24 20:45:22 INFO  ServletWebServerApplicationContext:301 - Root WebApplicationContext: initialization completed in 1116 ms
2025-05-24 20:45:22 INFO  LogHelper:31 - HHH000204: Processing PersistenceUnitInfo [name: default]
2025-05-24 20:45:22 INFO  Version:44 - HHH000412: Hibernate ORM core version 6.6.15.Final
2025-05-24 20:45:22 INFO  RegionFactoryInitiator:50 - HHH000026: Second-level cache disabled
2025-05-24 20:45:22 INFO  SpringPersistenceUnitInfo:87 - No LoadTimeWeaver setup: ignoring JPA class transformer
2025-05-24 20:45:22 INFO  HikariDataSource:109 - HikariPool-1 - Starting...
2025-05-24 20:45:23 INFO  HikariPool:575 - HikariPool-1 - Added connection com.mysql.cj.jdbc.ConnectionImpl@550c020c
2025-05-24 20:45:23 INFO  HikariDataSource:122 - HikariPool-1 - Start completed.
2025-05-24 20:45:23 WARN  deprecation:153 - HHH90000025: MySQL8Dialect does not need to be specified explicitly using 'hibernate.dialect' (remove the property setting and it will be selected by default)
2025-05-24 20:45:23 WARN  deprecation:101 - HHH90000026: MySQL8Dialect has been deprecated; use org.hibernate.dialect.MySQLDialect instead
2025-05-24 20:45:23 INFO  pooling:163 - HHH10001005: Database info:
	Database JDBC URL [Connecting through datasource 'HikariDataSource (HikariPool-1)']
	Database driver: undefined/unknown
	Database version: 8.0
	Autocommit mode: undefined/unknown
	Isolation level: undefined/unknown
	Minimum pool size: undefined/unknown
	Maximum pool size: undefined/unknown
2025-05-24 20:45:23 INFO  JtaPlatformInitiator:59 - HHH000489: No JTA platform available (set 'hibernate.transaction.jta.platform' to enable JTA platform integration)
2025-05-24 20:45:23 INFO  LocalContainerEntityManagerFactoryBean:447 - Initialized JPA EntityManagerFactory for persistence unit 'default'
2025-05-24 20:45:23 WARN  JpaBaseConfiguration$JpaWebConfiguration:258 - spring.jpa.open-in-view is enabled by default. Therefore, database queries may be performed during view rendering. Explicitly configure spring.jpa.open-in-view to disable this warning
2025-05-24 20:45:23 WARN  UserDetailsServiceAutoConfiguration:90 - 

Using generated security password: 9db1c208-a7d0-445b-8270-54bc78406396

This generated password is for development use only. Your security configuration must be updated before running your application in production.

2025-05-24 20:45:23 INFO  InitializeUserDetailsBeanManagerConfigurer$InitializeUserDetailsManagerConfigurer:110 - Global AuthenticationManager configured with UserDetailsService bean with name inMemoryUserDetailsManager
2025-05-24 20:45:24 INFO  OptionalLiveReloadServer:59 - LiveReload server is running on port 35729
2025-05-24 20:45:24 INFO  Http11NioProtocol:168 - Starting ProtocolHandler ["http-nio-8080"]
2025-05-24 20:45:24 INFO  TomcatWebServer:243 - Tomcat started on port 8080 (http) with context path '/'
2025-05-24 20:45:24 INFO  FirstSpringAppApplication:59 - Started FirstSpringAppApplication in 3.214 seconds (process running for 4.268)
2025-05-24 20:45:33 INFO  [/]:168 - Initializing Spring DispatcherServlet 'dispatcherServlet'
2025-05-24 20:45:33 INFO  DispatcherServlet:532 - Initializing Servlet 'dispatcherServlet'
2025-05-24 20:45:33 INFO  DispatcherServlet:554 - Completed initialization in 1 ms
2025-05-24 20:45:33 INFO  HomeController:14 - Received request to /
2025-05-24 20:45:33 WARN  PageNotFound:1301 - No mapping for GET /login
2025-05-24 20:45:33 ERROR CustomExceptionHandler:37 - Page not found: /login
2025-05-24 20:45:33 WARN  ExceptionHandlerExceptionResolver:254 - Resolved [org.springframework.web.servlet.NoHandlerFoundException: No endpoint GET /login.]
2025-05-24 20:45:36 INFO  HomeController:14 - Received request to /
2025-05-24 20:45:41 WARN  PageNotFound:1301 - No mapping for GET /login
2025-05-24 20:45:41 ERROR CustomExceptionHandler:37 - Page not found: /login
2025-05-24 20:45:41 WARN  ExceptionHandlerExceptionResolver:254 - Resolved [org.springframework.web.servlet.NoHandlerFoundException: No endpoint GET /login.]
2025-05-24 20:45:48 INFO  HomeController:14 - Received request to /
2025-05-24 20:46:06 WARN  PageNotFound:1301 - No mapping for GET /login
2025-05-24 20:46:06 ERROR CustomExceptionHandler:37 - Page not found: /login
2025-05-24 20:46:06 WARN  ExceptionHandlerExceptionResolver:254 - Resolved [org.springframework.web.servlet.NoHandlerFoundException: No endpoint GET /login.]
2025-05-24 20:46:33 WARN  PageNotFound:1301 - No mapping for GET /login
2025-05-24 20:46:33 ERROR CustomExceptionHandler:37 - Page not found: /login
2025-05-24 20:46:33 WARN  ExceptionHandlerExceptionResolver:254 - Resolved [org.springframework.web.servlet.NoHandlerFoundException: No endpoint GET /login.]
2025-05-24 20:47:43 WARN  PageNotFound:1301 - No mapping for GET /login
2025-05-24 20:47:43 ERROR CustomExceptionHandler:37 - Page not found: /login
2025-05-24 20:47:43 WARN  ExceptionHandlerExceptionResolver:254 - Resolved [org.springframework.web.servlet.NoHandlerFoundException: No endpoint GET /login.]
2025-05-24 20:47:47 WARN  PageNotFound:1301 - No mapping for GET /login
2025-05-24 20:47:47 ERROR CustomExceptionHandler:37 - Page not found: /login
2025-05-24 20:47:47 WARN  ExceptionHandlerExceptionResolver:254 - Resolved [org.springframework.web.servlet.NoHandlerFoundException: No endpoint GET /login.]
2025-05-24 20:51:46 INFO  GracefulShutdown:54 - Commencing graceful shutdown. Waiting for active requests to complete
2025-05-24 20:51:46 INFO  GracefulShutdown:76 - Graceful shutdown complete
2025-05-24 20:51:46 INFO  LocalContainerEntityManagerFactoryBean:660 - Closing JPA EntityManagerFactory for persistence unit 'default'
2025-05-24 20:51:46 INFO  HikariDataSource:349 - HikariPool-1 - Shutdown initiated...
2025-05-24 20:51:46 INFO  HikariDataSource:351 - HikariPool-1 - Shutdown completed.
2025-05-24 20:51:52 INFO  Version:21 - HV000001: Hibernate Validator 8.0.2.Final
2025-05-24 20:51:52 INFO  FirstSpringAppApplication:53 - Starting FirstSpringAppApplication using Java 23.0.2 with PID 13644 (C:\Users\Lenovo\IdeaProjects\first-spring-app\target\classes started by Lenovo in C:\Users\Lenovo\IdeaProjects\first-spring-app)
2025-05-24 20:51:52 DEBUG FirstSpringAppApplication:54 - Running with Spring Boot v3.5.0, Spring v6.2.7
2025-05-24 20:51:52 INFO  FirstSpringAppApplication:652 - No active profile set, falling back to 1 default profile: "default"
2025-05-24 20:51:52 INFO  DevToolsPropertyDefaultsPostProcessor:252 - Devtools property defaults active! Set 'spring.devtools.add-properties' to 'false' to disable
2025-05-24 20:51:52 INFO  DevToolsPropertyDefaultsPostProcessor:252 - For additional web related logging consider setting the 'logging.level.web' property to 'DEBUG'
2025-05-24 20:51:52 INFO  RepositoryConfigurationDelegate:145 - Bootstrapping Spring Data JPA repositories in DEFAULT mode.
2025-05-24 20:51:52 INFO  RepositoryConfigurationDelegate:213 - Finished Spring Data repository scanning in 10 ms. Found 0 JPA repository interfaces.
2025-05-24 20:51:53 INFO  TomcatWebServer:111 - Tomcat initialized with port 8080 (http)
2025-05-24 20:51:53 INFO  Http11NioProtocol:168 - Initializing ProtocolHandler ["http-nio-8080"]
2025-05-24 20:51:53 INFO  StandardService:168 - Starting service [Tomcat]
2025-05-24 20:51:53 INFO  StandardEngine:168 - Starting Servlet engine: [Apache Tomcat/10.1.41]
2025-05-24 20:51:53 INFO  [/]:168 - Initializing Spring embedded WebApplicationContext
2025-05-24 20:51:53 INFO  ServletWebServerApplicationContext:301 - Root WebApplicationContext: initialization completed in 1141 ms
2025-05-24 20:51:53 INFO  LogHelper:31 - HHH000204: Processing PersistenceUnitInfo [name: default]
2025-05-24 20:51:53 INFO  Version:44 - HHH000412: Hibernate ORM core version 6.6.15.Final
2025-05-24 20:51:53 INFO  RegionFactoryInitiator:50 - HHH000026: Second-level cache disabled
2025-05-24 20:51:53 INFO  SpringPersistenceUnitInfo:87 - No LoadTimeWeaver setup: ignoring JPA class transformer
2025-05-24 20:51:54 INFO  HikariDataSource:109 - HikariPool-1 - Starting...
2025-05-24 20:51:54 INFO  HikariPool:575 - HikariPool-1 - Added connection com.mysql.cj.jdbc.ConnectionImpl@6ed645e9
2025-05-24 20:51:54 INFO  HikariDataSource:122 - HikariPool-1 - Start completed.
2025-05-24 20:51:54 WARN  deprecation:153 - HHH90000025: MySQL8Dialect does not need to be specified explicitly using 'hibernate.dialect' (remove the property setting and it will be selected by default)
2025-05-24 20:51:54 WARN  deprecation:101 - HHH90000026: MySQL8Dialect has been deprecated; use org.hibernate.dialect.MySQLDialect instead
2025-05-24 20:51:54 INFO  pooling:163 - HHH10001005: Database info:
	Database JDBC URL [Connecting through datasource 'HikariDataSource (HikariPool-1)']
	Database driver: undefined/unknown
	Database version: 8.0
	Autocommit mode: undefined/unknown
	Isolation level: undefined/unknown
	Minimum pool size: undefined/unknown
	Maximum pool size: undefined/unknown
2025-05-24 20:51:54 INFO  JtaPlatformInitiator:59 - HHH000489: No JTA platform available (set 'hibernate.transaction.jta.platform' to enable JTA platform integration)
2025-05-24 20:51:54 INFO  LocalContainerEntityManagerFactoryBean:447 - Initialized JPA EntityManagerFactory for persistence unit 'default'
2025-05-24 20:51:54 WARN  JpaBaseConfiguration$JpaWebConfiguration:258 - spring.jpa.open-in-view is enabled by default. Therefore, database queries may be performed during view rendering. Explicitly configure spring.jpa.open-in-view to disable this warning
2025-05-24 20:51:54 WARN  UserDetailsServiceAutoConfiguration:90 - 

Using generated security password: de5c79b5-a7b4-444e-ab17-907f3cd17d9f

This generated password is for development use only. Your security configuration must be updated before running your application in production.

2025-05-24 20:51:54 INFO  InitializeUserDetailsBeanManagerConfigurer$InitializeUserDetailsManagerConfigurer:110 - Global AuthenticationManager configured with UserDetailsService bean with name inMemoryUserDetailsManager
2025-05-24 20:51:55 INFO  OptionalLiveReloadServer:59 - LiveReload server is running on port 35729
2025-05-24 20:51:55 INFO  Http11NioProtocol:168 - Starting ProtocolHandler ["http-nio-8080"]
2025-05-24 20:51:55 INFO  TomcatWebServer:243 - Tomcat started on port 8080 (http) with context path '/'
2025-05-24 20:51:55 INFO  FirstSpringAppApplication:59 - Started FirstSpringAppApplication in 3.437 seconds (process running for 4.496)
2025-05-24 20:52:13 INFO  [/]:168 - Initializing Spring DispatcherServlet 'dispatcherServlet'
2025-05-24 20:52:13 INFO  DispatcherServlet:532 - Initializing Servlet 'dispatcherServlet'
2025-05-24 20:52:13 INFO  DispatcherServlet:554 - Completed initialization in 1 ms
2025-05-24 20:52:13 WARN  PageNotFound:1301 - No mapping for GET /login
2025-05-24 20:52:13 ERROR CustomExceptionHandler:37 - Page not found: /login
2025-05-24 20:52:13 WARN  ExceptionHandlerExceptionResolver:254 - Resolved [org.springframework.web.servlet.NoHandlerFoundException: No endpoint GET /login.]
2025-05-24 20:52:28 WARN  PageNotFound:1301 - No mapping for GET /login
2025-05-24 20:52:28 ERROR CustomExceptionHandler:37 - Page not found: /login
2025-05-24 20:52:28 WARN  ExceptionHandlerExceptionResolver:254 - Resolved [org.springframework.web.servlet.NoHandlerFoundException: No endpoint GET /login.]
2025-05-24 20:52:30 WARN  PageNotFound:1301 - No mapping for GET /login
2025-05-24 20:52:30 ERROR CustomExceptionHandler:37 - Page not found: /login
2025-05-24 20:52:30 WARN  ExceptionHandlerExceptionResolver:254 - Resolved [org.springframework.web.servlet.NoHandlerFoundException: No endpoint GET /login.]
